<?xml version="1.0" encoding="UTF-8"?>
<!-- Generated by org.testng.reporters.JUnitReportReporter -->
<testsuite hostname="BLR-LAP-015" failures="0" tests="1" name="com.w2a.testcases.OpenAccountTest" time="2.381" errors="0" timestamp="03 Feb 2021 05:40:38 GMT" skipped="0">
  <testcase classname="com.w2a.testcases.OpenAccountTest" name="openAccountTest" time="2.381"/>
</testsuite> <!-- com.w2a.testcases.OpenAccountTest -->
